# JRE version: OpenJDK Runtime Environment Microsoft-10376486 (17.0.13+11) (build 17.0.13+11-LTS)
# Java VM: OpenJDK 64-Bit Server VM Microsoft-10376486 (17.0.13+11-LTS, mixed mode, sharing, tiered, compressed oops, compressed class ptrs, g1 gc, windows-amd64)
GC Precious Log:
 CPUs: 16 total, 16 available
 Memory: 7540M
 Large Page Support: Disabled
 NUMA Support: Disabled
 Compressed Oops: Enabled (32-bit)
 Heap Region Size: 1M
 Heap Min Capacity: 8M
 Heap Initial Capacity: 118M
 Heap Max Capacity: 2G
 Pre-touch: Disabled
 Parallel Workers: 13
 Concurrent Workers: 3
 Concurrent Refinement Workers: 13
 Periodic GC: Disabled
Heap:
 garbage-first heap   total 128000K, used 90919K [0x0000000080000000, 0x0000000100000000)
  region size 1024K, 20 young (20480K), 4 survivors (4096K)
 Metaspace       used 72122K, committed 72960K, reserved 491520K
  class space    used 10157K, committed 10560K, reserved 425984K
GC Heap History (20 events):
Event: 133.906 GC heap before
{Heap before GC invocations=19 (full 0):
 garbage-first heap   total 115712K, used 88875K [0x0000000080000000, 0x0000000100000000)
  region size 1024K, 34 young (34816K), 4 survivors (4096K)
 Metaspace       used 61518K, committed 62144K, reserved 491520K
  class space    used 8683K, committed 9024K, reserved 425984K
}
Event: 133.912 GC heap after
{Heap after GC invocations=20 (full 0):
 garbage-first heap   total 115712K, used 59685K [0x0000000080000000, 0x0000000100000000)
  region size 1024K, 4 young (4096K), 4 survivors (4096K)
 Metaspace       used 61518K, committed 62144K, reserved 491520K
  class space    used 8683K, committed 9024K, reserved 425984K
}
Event: 146.388 GC heap before
{Heap before GC invocations=21 (full 0):
 garbage-first heap   total 115712K, used 90405K [0x0000000080000000, 0x0000000100000000)
  region size 1024K, 34 young (34816K), 4 survivors (4096K)
 Metaspace       used 63019K, committed 63744K, reserved 491520K
  class space    used 8888K, committed 9216K, reserved 425984K
}
Event: 146.440 GC heap after
{Heap after GC invocations=22 (full 0):
 garbage-first heap   total 115712K, used 61082K [0x0000000080000000, 0x0000000100000000)
  region size 1024K, 4 young (4096K), 4 survivors (4096K)
 Metaspace       used 63019K, committed 63744K, reserved 491520K
  class space    used 8888K, committed 9216K, reserved 425984K
}
Event: 152.736 GC heap before
{Heap before GC invocations=22 (full 0):
 garbage-first heap   total 115712K, used 90778K [0x0000000080000000, 0x0000000100000000)
  region size 1024K, 34 young (34816K), 4 survivors (4096K)
 Metaspace       used 64051K, committed 64768K, reserved 491520K
  class space    used 9037K, committed 9408K, reserved 425984K
}
Event: 152.746 GC heap after
{Heap after GC invocations=23 (full 0):
 garbage-first heap   total 115712K, used 62581K [0x0000000080000000, 0x0000000100000000)
  region size 1024K, 3 young (3072K), 3 survivors (3072K)
 Metaspace       used 64051K, committed 64768K, reserved 491520K
  class space    used 9037K, committed 9408K, reserved 425984K
}
Event: 155.905 GC heap before
{Heap before GC invocations=24 (full 0):
 garbage-first heap   total 115712K, used 93301K [0x0000000080000000, 0x0000000100000000)
  region size 1024K, 33 young (33792K), 3 survivors (3072K)
 Metaspace       used 64720K, committed 65472K, reserved 491520K
  class space    used 9104K, committed 9472K, reserved 425984K
}
Event: 155.924 GC heap after
{Heap after GC invocations=25 (full 0):
 garbage-first heap   total 115712K, used 66301K [0x0000000080000000, 0x0000000100000000)
  region size 1024K, 5 young (5120K), 5 survivors (5120K)
 Metaspace       used 64720K, committed 65472K, reserved 491520K
  class space    used 9104K, committed 9472K, reserved 425984K
}
Event: 156.867 GC heap before
{Heap before GC invocations=25 (full 0):
 garbage-first heap   total 115712K, used 91901K [0x0000000080000000, 0x0000000100000000)
  region size 1024K, 31 young (31744K), 5 survivors (5120K)
 Metaspace       used 66516K, committed 67264K, reserved 491520K
  class space    used 9367K, committed 9728K, reserved 425984K
}
Event: 156.880 GC heap after
{Heap after GC invocations=26 (full 0):
 garbage-first heap   total 115712K, used 65944K [0x0000000080000000, 0x0000000100000000)
  region size 1024K, 3 young (3072K), 3 survivors (3072K)
 Metaspace       used 66516K, committed 67264K, reserved 491520K
  class space    used 9367K, committed 9728K, reserved 425984K
}
Event: 162.052 GC heap before
{Heap before GC invocations=27 (full 0):
 garbage-first heap   total 117760K, used 91544K [0x0000000080000000, 0x0000000100000000)
  region size 1024K, 29 young (29696K), 3 survivors (3072K)
 Metaspace       used 68981K, committed 69760K, reserved 491520K
  class space    used 9747K, committed 10112K, reserved 425984K
}
Event: 162.061 GC heap after
{Heap after GC invocations=28 (full 0):
 garbage-first heap   total 117760K, used 67870K [0x0000000080000000, 0x0000000100000000)
  region size 1024K, 4 young (4096K), 4 survivors (4096K)
 Metaspace       used 68981K, committed 69760K, reserved 491520K
  class space    used 9747K, committed 10112K, reserved 425984K
}
Event: 170.468 GC heap before
{Heap before GC invocations=28 (full 0):
 garbage-first heap   total 117760K, used 94494K [0x0000000080000000, 0x0000000100000000)
  region size 1024K, 31 young (31744K), 4 survivors (4096K)
 Metaspace       used 70111K, committed 70848K, reserved 491520K
  class space    used 9944K, committed 10304K, reserved 425984K
}
Event: 170.608 GC heap after
{Heap after GC invocations=29 (full 0):
 garbage-first heap   total 117760K, used 72092K [0x0000000080000000, 0x0000000100000000)
  region size 1024K, 4 young (4096K), 4 survivors (4096K)
 Metaspace       used 70111K, committed 70848K, reserved 491520K
  class space    used 9944K, committed 10304K, reserved 425984K
}
Event: 175.809 GC heap before
{Heap before GC invocations=30 (full 0):
 garbage-first heap   total 126976K, used 93596K [0x0000000080000000, 0x0000000100000000)
  region size 1024K, 26 young (26624K), 4 survivors (4096K)
 Metaspace       used 70388K, committed 71168K, reserved 491520K
  class space    used 9971K, committed 10304K, reserved 425984K
}
Event: 175.825 GC heap after
{Heap after GC invocations=31 (full 0):
 garbage-first heap   total 126976K, used 74061K [0x0000000080000000, 0x0000000100000000)
  region size 1024K, 4 young (4096K), 4 survivors (4096K)
 Metaspace       used 70388K, committed 71168K, reserved 491520K
  class space    used 9971K, committed 10304K, reserved 425984K
}
Event: 176.031 GC heap before
{Heap before GC invocations=31 (full 0):
 garbage-first heap   total 126976K, used 75085K [0x0000000080000000, 0x0000000100000000)
  region size 1024K, 6 young (6144K), 4 survivors (4096K)
 Metaspace       used 70467K, committed 71232K, reserved 491520K
  class space    used 9984K, committed 10304K, reserved 425984K
}
Event: 176.081 GC heap after
{Heap after GC invocations=32 (full 0):
 garbage-first heap   total 126976K, used 73047K [0x0000000080000000, 0x0000000100000000)
  region size 1024K, 1 young (1024K), 1 survivors (1024K)
 Metaspace       used 70467K, committed 71232K, reserved 491520K
  class space    used 9984K, committed 10304K, reserved 425984K
}
Event: 180.756 GC heap before
{Heap before GC invocations=32 (full 0):
 garbage-first heap   total 126976K, used 100695K [0x0000000080000000, 0x0000000100000000)
  region size 1024K, 29 young (29696K), 1 survivors (1024K)
 Metaspace       used 71730K, committed 72576K, reserved 491520K
  class space    used 10155K, committed 10560K, reserved 425984K
}
Event: 180.765 GC heap after
{Heap after GC invocations=33 (full 0):
 garbage-first heap   total 126976K, used 75902K [0x0000000080000000, 0x0000000100000000)
  region size 1024K, 4 young (4096K), 4 survivors (4096K)
 Metaspace       used 71730K, committed 72576K, reserved 491520K
  class space    used 10155K, committed 10560K, reserved 425984K
}

