# JRE version: OpenJDK Runtime Environment Microsoft-10376486 (17.0.13+11) (build 17.0.13+11-LTS)
# Java VM: OpenJDK 64-Bit Server VM Microsoft-10376486 (17.0.13+11-LTS, mixed mode, sharing, tiered, compressed oops, compressed class ptrs, g1 gc, windows-amd64)
GC Precious Log:
 CPUs: 16 total, 16 available
 Memory: 7540M
 Large Page Support: Disabled
 NUMA Support: Disabled
 Compressed Oops: Enabled (32-bit)
 Heap Region Size: 1M
 Heap Min Capacity: 8M
 Heap Initial Capacity: 118M
 Heap Max Capacity: 2G
 Pre-touch: Disabled
 Parallel Workers: 13
 Concurrent Workers: 3
 Concurrent Refinement Workers: 13
 Periodic GC: Disabled
Heap:
 garbage-first heap   total 209920K, used 77811K [0x0000000080000000, 0x0000000100000000)
  region size 1024K, 13 young (13312K), 9 survivors (9216K)
 Metaspace       used 72176K, committed 73088K, reserved 491520K
  class space    used 10166K, committed 10624K, reserved 425984K
GC Heap History (20 events):
Event: 166.854 GC heap before
{Heap before GC invocations=17 (full 0):
 garbage-first heap   total 92160K, used 56679K [0x0000000080000000, 0x0000000100000000)
  region size 1024K, 14 young (14336K), 2 survivors (2048K)
 Metaspace       used 55954K, committed 56512K, reserved 491520K
  class space    used 7907K, committed 8192K, reserved 425984K
}
Event: 166.916 GC heap after
{Heap after GC invocations=18 (full 0):
 garbage-first heap   total 92160K, used 46167K [0x0000000080000000, 0x0000000100000000)
  region size 1024K, 3 young (3072K), 3 survivors (3072K)
 Metaspace       used 55954K, committed 56512K, reserved 491520K
  class space    used 7907K, committed 8192K, reserved 425984K
}
Event: 168.024 GC heap before
{Heap before GC invocations=19 (full 0):
 garbage-first heap   total 94208K, used 85079K [0x0000000080000000, 0x0000000100000000)
  region size 1024K, 30 young (30720K), 3 survivors (3072K)
 Metaspace       used 58404K, committed 59072K, reserved 491520K
  class space    used 8273K, committed 8576K, reserved 425984K
}
Event: 168.028 GC heap after
{Heap after GC invocations=20 (full 0):
 garbage-first heap   total 94208K, used 60610K [0x0000000080000000, 0x0000000100000000)
  region size 1024K, 4 young (4096K), 4 survivors (4096K)
 Metaspace       used 58404K, committed 59072K, reserved 491520K
  class space    used 8273K, committed 8576K, reserved 425984K
}
Event: 168.051 GC heap before
{Heap before GC invocations=20 (full 0):
 garbage-first heap   total 94208K, used 61634K [0x0000000080000000, 0x0000000100000000)
  region size 1024K, 5 young (5120K), 4 survivors (4096K)
 Metaspace       used 58479K, committed 59200K, reserved 491520K
  class space    used 8288K, committed 8640K, reserved 425984K
}
Event: 168.053 GC heap after
{Heap after GC invocations=21 (full 0):
 garbage-first heap   total 94208K, used 59780K [0x0000000080000000, 0x0000000100000000)
  region size 1024K, 1 young (1024K), 1 survivors (1024K)
 Metaspace       used 58479K, committed 59200K, reserved 491520K
  class space    used 8288K, committed 8640K, reserved 425984K
}
Event: 168.421 GC heap before
{Heap before GC invocations=21 (full 0):
 garbage-first heap   total 94208K, used 76164K [0x0000000080000000, 0x0000000100000000)
  region size 1024K, 17 young (17408K), 1 survivors (1024K)
 Metaspace       used 59977K, committed 60608K, reserved 491520K
  class space    used 8460K, committed 8768K, reserved 425984K
}
Event: 168.424 GC heap after
{Heap after GC invocations=22 (full 0):
 garbage-first heap   total 94208K, used 60452K [0x0000000080000000, 0x0000000100000000)
  region size 1024K, 1 young (1024K), 1 survivors (1024K)
 Metaspace       used 59977K, committed 60608K, reserved 491520K
  class space    used 8460K, committed 8768K, reserved 425984K
}
Event: 168.830 GC heap before
{Heap before GC invocations=23 (full 0):
 garbage-first heap   total 106496K, used 76836K [0x0000000080000000, 0x0000000100000000)
  region size 1024K, 17 young (17408K), 1 survivors (1024K)
 Metaspace       used 60871K, committed 61568K, reserved 491520K
  class space    used 8594K, committed 8960K, reserved 425984K
}
Event: 168.833 GC heap after
{Heap after GC invocations=24 (full 0):
 garbage-first heap   total 106496K, used 61735K [0x0000000080000000, 0x0000000100000000)
  region size 1024K, 3 young (3072K), 3 survivors (3072K)
 Metaspace       used 60871K, committed 61568K, reserved 491520K
  class space    used 8594K, committed 8960K, reserved 425984K
}
Event: 168.856 GC heap before
{Heap before GC invocations=24 (full 0):
 garbage-first heap   total 106496K, used 63783K [0x0000000080000000, 0x0000000100000000)
  region size 1024K, 5 young (5120K), 3 survivors (3072K)
 Metaspace       used 60993K, committed 61696K, reserved 491520K
  class space    used 8611K, committed 8960K, reserved 425984K
}
Event: 168.859 GC heap after
{Heap after GC invocations=25 (full 0):
 garbage-first heap   total 106496K, used 61094K [0x0000000080000000, 0x0000000100000000)
  region size 1024K, 1 young (1024K), 1 survivors (1024K)
 Metaspace       used 60993K, committed 61696K, reserved 491520K
  class space    used 8611K, committed 8960K, reserved 425984K
}
Event: 169.424 GC heap before
{Heap before GC invocations=25 (full 0):
 garbage-first heap   total 106496K, used 86694K [0x0000000080000000, 0x0000000100000000)
  region size 1024K, 27 young (27648K), 1 survivors (1024K)
 Metaspace       used 62547K, committed 63232K, reserved 491520K
  class space    used 8813K, committed 9152K, reserved 425984K
}
Event: 169.462 GC heap after
{Heap after GC invocations=26 (full 0):
 garbage-first heap   total 209920K, used 61567K [0x0000000080000000, 0x0000000100000000)
  region size 1024K, 1 young (1024K), 1 survivors (1024K)
 Metaspace       used 62547K, committed 63232K, reserved 491520K
  class space    used 8813K, committed 9152K, reserved 425984K
}
Event: 178.741 GC heap before
{Heap before GC invocations=27 (full 0):
 garbage-first heap   total 209920K, used 167039K [0x0000000080000000, 0x0000000100000000)
  region size 1024K, 104 young (106496K), 1 survivors (1024K)
 Metaspace       used 67392K, committed 68224K, reserved 491520K
  class space    used 9466K, committed 9856K, reserved 425984K
}
Event: 178.776 GC heap after
{Heap after GC invocations=28 (full 0):
 garbage-first heap   total 209920K, used 67161K [0x0000000080000000, 0x0000000100000000)
  region size 1024K, 7 young (7168K), 7 survivors (7168K)
 Metaspace       used 67392K, committed 68224K, reserved 491520K
  class space    used 9466K, committed 9856K, reserved 425984K
}
Event: 179.490 GC heap before
{Heap before GC invocations=28 (full 0):
 garbage-first heap   total 209920K, used 70233K [0x0000000080000000, 0x0000000100000000)
  region size 1024K, 10 young (10240K), 7 survivors (7168K)
 Metaspace       used 67883K, committed 68672K, reserved 491520K
  class space    used 9544K, committed 9920K, reserved 425984K
}
Event: 179.504 GC heap after
{Heap after GC invocations=29 (full 0):
 garbage-first heap   total 209920K, used 67472K [0x0000000080000000, 0x0000000100000000)
  region size 1024K, 1 young (1024K), 1 survivors (1024K)
 Metaspace       used 67883K, committed 68672K, reserved 491520K
  class space    used 9544K, committed 9920K, reserved 425984K
}
Event: 216.194 GC heap before
{Heap before GC invocations=29 (full 0):
 garbage-first heap   total 209920K, used 168848K [0x0000000080000000, 0x0000000100000000)
  region size 1024K, 101 young (103424K), 1 survivors (1024K)
 Metaspace       used 72093K, committed 72960K, reserved 491520K
  class space    used 10163K, committed 10560K, reserved 425984K
}
Event: 216.320 GC heap after
{Heap after GC invocations=30 (full 0):
 garbage-first heap   total 209920K, used 74739K [0x0000000080000000, 0x0000000100000000)
  region size 1024K, 9 young (9216K), 9 survivors (9216K)
 Metaspace       used 72093K, committed 72960K, reserved 491520K
  class space    used 10163K, committed 10560K, reserved 425984K
}

