# JRE version: OpenJDK Runtime Environment Microsoft-10376486 (17.0.13+11) (build 17.0.13+11-LTS)
# Java VM: OpenJDK 64-Bit Server VM Microsoft-10376486 (17.0.13+11-LTS, mixed mode, sharing, tiered, compressed oops, compressed class ptrs, g1 gc, windows-amd64)
GC Precious Log:
 CPUs: 16 total, 16 available
 Memory: 7540M
 Large Page Support: Disabled
 NUMA Support: Disabled
 Compressed Oops: Enabled (32-bit)
 Heap Region Size: 1M
 Heap Min Capacity: 8M
 Heap Initial Capacity: 118M
 Heap Max Capacity: 2G
 Pre-touch: Disabled
 Parallel Workers: 13
 Concurrent Workers: 3
 Concurrent Refinement Workers: 13
 Periodic GC: Disabled
Heap:
 garbage-first heap   total 96256K, used 51545K [0x0000000080000000, 0x0000000100000000)
  region size 1024K, 13 young (13312K), 2 survivors (2048K)
 Metaspace       used 54905K, committed 55488K, reserved 491520K
  class space    used 7728K, committed 8000K, reserved 425984K
GC Heap History (20 events):
Event: 62.207 GC heap before
{Heap before GC invocations=5 (full 0):
 garbage-first heap   total 120832K, used 58553K [0x0000000080000000, 0x0000000100000000)
  region size 1024K, 37 young (37888K), 2 survivors (2048K)
 Metaspace       used 21206K, committed 21504K, reserved 491520K
  class space    used 3051K, committed 3200K, reserved 425984K
}
Event: 62.216 GC heap after
{Heap after GC invocations=6 (full 0):
 garbage-first heap   total 120832K, used 25250K [0x0000000080000000, 0x0000000100000000)
  region size 1024K, 4 young (4096K), 4 survivors (4096K)
 Metaspace       used 21206K, committed 21504K, reserved 491520K
  class space    used 3051K, committed 3200K, reserved 425984K
}
Event: 73.350 GC heap before
{Heap before GC invocations=7 (full 0):
 garbage-first heap   total 96256K, used 78498K [0x0000000080000000, 0x0000000100000000)
  region size 1024K, 56 young (57344K), 4 survivors (4096K)
 Metaspace       used 27624K, committed 28032K, reserved 491520K
  class space    used 4041K, committed 4224K, reserved 425984K
}
Event: 73.361 GC heap after
{Heap after GC invocations=8 (full 0):
 garbage-first heap   total 96256K, used 27902K [0x0000000080000000, 0x0000000100000000)
  region size 1024K, 6 young (6144K), 6 survivors (6144K)
 Metaspace       used 27624K, committed 28032K, reserved 491520K
  class space    used 4041K, committed 4224K, reserved 425984K
}
Event: 80.971 GC heap before
{Heap before GC invocations=8 (full 0):
 garbage-first heap   total 96256K, used 71934K [0x0000000080000000, 0x0000000100000000)
  region size 1024K, 50 young (51200K), 6 survivors (6144K)
 Metaspace       used 33590K, committed 33984K, reserved 491520K
  class space    used 4734K, committed 4928K, reserved 425984K
}
Event: 80.996 GC heap after
{Heap after GC invocations=9 (full 0):
 garbage-first heap   total 96256K, used 31736K [0x0000000080000000, 0x0000000100000000)
  region size 1024K, 7 young (7168K), 7 survivors (7168K)
 Metaspace       used 33590K, committed 33984K, reserved 491520K
  class space    used 4734K, committed 4928K, reserved 425984K
}
Event: 83.907 GC heap before
{Heap before GC invocations=9 (full 0):
 garbage-first heap   total 96256K, used 53240K [0x0000000080000000, 0x0000000100000000)
  region size 1024K, 24 young (24576K), 7 survivors (7168K)
 Metaspace       used 35689K, committed 36096K, reserved 491520K
  class space    used 4948K, committed 5120K, reserved 425984K
}
Event: 84.138 GC heap after
{Heap after GC invocations=10 (full 0):
 garbage-first heap   total 96256K, used 33080K [0x0000000080000000, 0x0000000100000000)
  region size 1024K, 3 young (3072K), 3 survivors (3072K)
 Metaspace       used 35689K, committed 36096K, reserved 491520K
  class space    used 4948K, committed 5120K, reserved 425984K
}
Event: 93.586 GC heap before
{Heap before GC invocations=11 (full 0):
 garbage-first heap   total 96256K, used 74040K [0x0000000080000000, 0x0000000100000000)
  region size 1024K, 43 young (44032K), 3 survivors (3072K)
 Metaspace       used 37364K, committed 37824K, reserved 491520K
  class space    used 5188K, committed 5376K, reserved 425984K
}
Event: 93.593 GC heap after
{Heap after GC invocations=12 (full 0):
 garbage-first heap   total 96256K, used 33722K [0x0000000080000000, 0x0000000100000000)
  region size 1024K, 3 young (3072K), 3 survivors (3072K)
 Metaspace       used 37364K, committed 37824K, reserved 491520K
  class space    used 5188K, committed 5376K, reserved 425984K
}
Event: 98.678 GC heap before
{Heap before GC invocations=12 (full 0):
 garbage-first heap   total 96256K, used 75706K [0x0000000080000000, 0x0000000100000000)
  region size 1024K, 44 young (45056K), 3 survivors (3072K)
 Metaspace       used 41566K, committed 42176K, reserved 491520K
  class space    used 5864K, committed 6144K, reserved 425984K
}
Event: 98.683 GC heap after
{Heap after GC invocations=13 (full 0):
 garbage-first heap   total 96256K, used 34826K [0x0000000080000000, 0x0000000100000000)
  region size 1024K, 4 young (4096K), 4 survivors (4096K)
 Metaspace       used 41566K, committed 42176K, reserved 491520K
  class space    used 5864K, committed 6144K, reserved 425984K
}
Event: 114.979 GC heap before
{Heap before GC invocations=13 (full 0):
 garbage-first heap   total 96256K, used 78858K [0x0000000080000000, 0x0000000100000000)
  region size 1024K, 45 young (46080K), 4 survivors (4096K)
 Metaspace       used 45910K, committed 46464K, reserved 491520K
  class space    used 6402K, committed 6656K, reserved 425984K
}
Event: 115.007 GC heap after
{Heap after GC invocations=14 (full 0):
 garbage-first heap   total 96256K, used 36121K [0x0000000080000000, 0x0000000100000000)
  region size 1024K, 4 young (4096K), 4 survivors (4096K)
 Metaspace       used 45910K, committed 46464K, reserved 491520K
  class space    used 6402K, committed 6656K, reserved 425984K
}
Event: 133.419 GC heap before
{Heap before GC invocations=14 (full 0):
 garbage-first heap   total 96256K, used 77081K [0x0000000080000000, 0x0000000100000000)
  region size 1024K, 44 young (45056K), 4 survivors (4096K)
 Metaspace       used 50144K, committed 50752K, reserved 491520K
  class space    used 7018K, committed 7296K, reserved 425984K
}
Event: 133.425 GC heap after
{Heap after GC invocations=15 (full 0):
 garbage-first heap   total 96256K, used 38367K [0x0000000080000000, 0x0000000100000000)
  region size 1024K, 5 young (5120K), 5 survivors (5120K)
 Metaspace       used 50144K, committed 50752K, reserved 491520K
  class space    used 7018K, committed 7296K, reserved 425984K
}
Event: 145.613 GC heap before
{Heap before GC invocations=15 (full 0):
 garbage-first heap   total 96256K, used 77279K [0x0000000080000000, 0x0000000100000000)
  region size 1024K, 43 young (44032K), 5 survivors (5120K)
 Metaspace       used 52631K, committed 53184K, reserved 491520K
  class space    used 7391K, committed 7616K, reserved 425984K
}
Event: 145.641 GC heap after
{Heap after GC invocations=16 (full 0):
 garbage-first heap   total 96256K, used 41982K [0x0000000080000000, 0x0000000100000000)
  region size 1024K, 6 young (6144K), 6 survivors (6144K)
 Metaspace       used 52631K, committed 53184K, reserved 491520K
  class space    used 7391K, committed 7616K, reserved 425984K
}
Event: 146.972 GC heap before
{Heap before GC invocations=16 (full 0):
 garbage-first heap   total 96256K, used 75774K [0x0000000080000000, 0x0000000100000000)
  region size 1024K, 40 young (40960K), 6 survivors (6144K)
 Metaspace       used 53871K, committed 54528K, reserved 491520K
  class space    used 7564K, committed 7872K, reserved 425984K
}
Event: 146.998 GC heap after
{Heap after GC invocations=17 (full 0):
 garbage-first heap   total 96256K, used 41305K [0x0000000080000000, 0x0000000100000000)
  region size 1024K, 2 young (2048K), 2 survivors (2048K)
 Metaspace       used 53871K, committed 54528K, reserved 491520K
  class space    used 7564K, committed 7872K, reserved 425984K
}

