# JRE version: OpenJDK Runtime Environment Microsoft-10376486 (17.0.13+11) (build 17.0.13+11-LTS)
# Java VM: OpenJDK 64-Bit Server VM Microsoft-10376486 (17.0.13+11-LTS, mixed mode, sharing, tiered, compressed oops, compressed class ptrs, g1 gc, windows-amd64)
GC Precious Log:
 CPUs: 16 total, 16 available
 Memory: 7540M
 Large Page Support: Disabled
 NUMA Support: Disabled
 Compressed Oops: Enabled (32-bit)
 Heap Region Size: 1M
 Heap Min Capacity: 8M
 Heap Initial Capacity: 118M
 Heap Max Capacity: 2G
 Pre-touch: Disabled
 Parallel Workers: 13
 Concurrent Workers: 3
 Concurrent Refinement Workers: 13
 Periodic GC: Disabled
Heap:
 garbage-first heap   total 92160K, used 68822K [0x0000000080000000, 0x0000000100000000)
  region size 1024K, 36 young (36864K), 4 survivors (4096K)
 Metaspace       used 51720K, committed 52288K, reserved 491520K
  class space    used 7285K, committed 7552K, reserved 425984K
GC Heap History (20 events):
Event: 42.856 GC heap before
{Heap before GC invocations=2 (full 0):
 garbage-first heap   total 120832K, used 49604K [0x0000000080000000, 0x0000000100000000)
  region size 1024K, 40 young (40960K), 5 survivors (5120K)
 Metaspace       used 4492K, committed 4672K, reserved 491520K
  class space    used 542K, committed 640K, reserved 425984K
}
Event: 43.031 GC heap after
{Heap after GC invocations=3 (full 0):
 garbage-first heap   total 120832K, used 17250K [0x0000000080000000, 0x0000000100000000)
  region size 1024K, 5 young (5120K), 5 survivors (5120K)
 Metaspace       used 4492K, committed 4672K, reserved 491520K
  class space    used 542K, committed 640K, reserved 425984K
}
Event: 64.976 GC heap before
{Heap before GC invocations=3 (full 0):
 garbage-first heap   total 120832K, used 83810K [0x0000000080000000, 0x0000000100000000)
  region size 1024K, 70 young (71680K), 5 survivors (5120K)
 Metaspace       used 15309K, committed 15616K, reserved 491520K
  class space    used 2097K, committed 2240K, reserved 425984K
}
Event: 65.054 GC heap after
{Heap after GC invocations=4 (full 0):
 garbage-first heap   total 120832K, used 21870K [0x0000000080000000, 0x0000000100000000)
  region size 1024K, 9 young (9216K), 9 survivors (9216K)
 Metaspace       used 15309K, committed 15616K, reserved 491520K
  class space    used 2097K, committed 2240K, reserved 425984K
}
Event: 75.229 GC heap before
{Heap before GC invocations=4 (full 0):
 garbage-first heap   total 120832K, used 72046K [0x0000000080000000, 0x0000000100000000)
  region size 1024K, 59 young (60416K), 9 survivors (9216K)
 Metaspace       used 21221K, committed 21504K, reserved 491520K
  class space    used 3055K, committed 3200K, reserved 425984K
}
Event: 75.380 GC heap after
{Heap after GC invocations=5 (full 0):
 garbage-first heap   total 120832K, used 25328K [0x0000000080000000, 0x0000000100000000)
  region size 1024K, 4 young (4096K), 4 survivors (4096K)
 Metaspace       used 21221K, committed 21504K, reserved 491520K
  class space    used 3055K, committed 3200K, reserved 425984K
}
Event: 84.842 GC heap before
{Heap before GC invocations=6 (full 0):
 garbage-first heap   total 92160K, used 76528K [0x0000000080000000, 0x0000000100000000)
  region size 1024K, 54 young (55296K), 4 survivors (4096K)
 Metaspace       used 27406K, committed 27776K, reserved 491520K
  class space    used 4011K, committed 4224K, reserved 425984K
}
Event: 84.886 GC heap after
{Heap after GC invocations=7 (full 0):
 garbage-first heap   total 92160K, used 27298K [0x0000000080000000, 0x0000000100000000)
  region size 1024K, 6 young (6144K), 6 survivors (6144K)
 Metaspace       used 27406K, committed 27776K, reserved 491520K
  class space    used 4011K, committed 4224K, reserved 425984K
}
Event: 88.872 GC heap before
{Heap before GC invocations=7 (full 0):
 garbage-first heap   total 92160K, used 67234K [0x0000000080000000, 0x0000000100000000)
  region size 1024K, 46 young (47104K), 6 survivors (6144K)
 Metaspace       used 32807K, committed 33216K, reserved 491520K
  class space    used 4596K, committed 4800K, reserved 425984K
}
Event: 88.888 GC heap after
{Heap after GC invocations=8 (full 0):
 garbage-first heap   total 92160K, used 31435K [0x0000000080000000, 0x0000000100000000)
  region size 1024K, 6 young (6144K), 6 survivors (6144K)
 Metaspace       used 32807K, committed 33216K, reserved 491520K
  class space    used 4596K, committed 4800K, reserved 425984K
}
Event: 93.092 GC heap before
{Heap before GC invocations=8 (full 0):
 garbage-first heap   total 92160K, used 60107K [0x0000000080000000, 0x0000000100000000)
  region size 1024K, 30 young (30720K), 6 survivors (6144K)
 Metaspace       used 35779K, committed 36096K, reserved 491520K
  class space    used 4969K, committed 5120K, reserved 425984K
}
Event: 93.103 GC heap after
{Heap after GC invocations=9 (full 0):
 garbage-first heap   total 92160K, used 33441K [0x0000000080000000, 0x0000000100000000)
  region size 1024K, 3 young (3072K), 3 survivors (3072K)
 Metaspace       used 35779K, committed 36096K, reserved 491520K
  class space    used 4969K, committed 5120K, reserved 425984K
}
Event: 98.134 GC heap before
{Heap before GC invocations=10 (full 0):
 garbage-first heap   total 92160K, used 70305K [0x0000000080000000, 0x0000000100000000)
  region size 1024K, 39 young (39936K), 3 survivors (3072K)
 Metaspace       used 37149K, committed 37632K, reserved 491520K
  class space    used 5167K, committed 5376K, reserved 425984K
}
Event: 98.140 GC heap after
{Heap after GC invocations=11 (full 0):
 garbage-first heap   total 92160K, used 34550K [0x0000000080000000, 0x0000000100000000)
  region size 1024K, 4 young (4096K), 4 survivors (4096K)
 Metaspace       used 37149K, committed 37632K, reserved 491520K
  class space    used 5167K, committed 5376K, reserved 425984K
}
Event: 100.609 GC heap before
{Heap before GC invocations=11 (full 0):
 garbage-first heap   total 92160K, used 71414K [0x0000000080000000, 0x0000000100000000)
  region size 1024K, 40 young (40960K), 4 survivors (4096K)
 Metaspace       used 40754K, committed 41344K, reserved 491520K
  class space    used 5741K, committed 6016K, reserved 425984K
}
Event: 100.613 GC heap after
{Heap after GC invocations=12 (full 0):
 garbage-first heap   total 92160K, used 35119K [0x0000000080000000, 0x0000000100000000)
  region size 1024K, 3 young (3072K), 3 survivors (3072K)
 Metaspace       used 40754K, committed 41344K, reserved 491520K
  class space    used 5741K, committed 6016K, reserved 425984K
}
Event: 123.065 GC heap before
{Heap before GC invocations=12 (full 0):
 garbage-first heap   total 92160K, used 74031K [0x0000000080000000, 0x0000000100000000)
  region size 1024K, 40 young (40960K), 3 survivors (3072K)
 Metaspace       used 44492K, committed 45056K, reserved 491520K
  class space    used 6210K, committed 6464K, reserved 425984K
}
Event: 123.077 GC heap after
{Heap after GC invocations=13 (full 0):
 garbage-first heap   total 92160K, used 36185K [0x0000000080000000, 0x0000000100000000)
  region size 1024K, 4 young (4096K), 4 survivors (4096K)
 Metaspace       used 44492K, committed 45056K, reserved 491520K
  class space    used 6210K, committed 6464K, reserved 425984K
}
Event: 140.005 GC heap before
{Heap before GC invocations=13 (full 0):
 garbage-first heap   total 92160K, used 74073K [0x0000000080000000, 0x0000000100000000)
  region size 1024K, 41 young (41984K), 4 survivors (4096K)
 Metaspace       used 48456K, committed 49024K, reserved 491520K
  class space    used 6740K, committed 7040K, reserved 425984K
}
Event: 140.018 GC heap after
{Heap after GC invocations=14 (full 0):
 garbage-first heap   total 92160K, used 37078K [0x0000000080000000, 0x0000000100000000)
  region size 1024K, 4 young (4096K), 4 survivors (4096K)
 Metaspace       used 48456K, committed 49024K, reserved 491520K
  class space    used 6740K, committed 7040K, reserved 425984K
}

