# JRE version: OpenJDK Runtime Environment Microsoft-10376486 (17.0.13+11) (build 17.0.13+11-LTS)
# Java VM: OpenJDK 64-Bit Server VM Microsoft-10376486 (17.0.13+11-LTS, mixed mode, sharing, tiered, compressed oops, compressed class ptrs, g1 gc, windows-amd64)
GC Precious Log:
 CPUs: 16 total, 16 available
 Memory: 7540M
 Large Page Support: Disabled
 NUMA Support: Disabled
 Compressed Oops: Enabled (32-bit)
 Heap Region Size: 1M
 Heap Min Capacity: 8M
 Heap Initial Capacity: 118M
 Heap Max Capacity: 2G
 Pre-touch: Disabled
 Parallel Workers: 13
 Concurrent Workers: 3
 Concurrent Refinement Workers: 13
 Periodic GC: Disabled
Heap:
 garbage-first heap   total 106496K, used 60845K [0x0000000080000000, 0x0000000100000000)
  region size 1024K, 1 young (1024K), 1 survivors (1024K)
 Metaspace       used 61020K, committed 61632K, reserved 491520K
  class space    used 8623K, committed 8960K, reserved 425984K
GC Heap History (20 events):
Event: 104.084 GC heap before
{Heap before GC invocations=15 (full 0):
 garbage-first heap   total 92160K, used 74938K [0x0000000080000000, 0x0000000100000000)
  region size 1024K, 40 young (40960K), 3 survivors (3072K)
 Metaspace       used 44647K, committed 45184K, reserved 491520K
  class space    used 6221K, committed 6464K, reserved 425984K
}
Event: 104.091 GC heap after
{Heap after GC invocations=16 (full 0):
 garbage-first heap   total 92160K, used 37069K [0x0000000080000000, 0x0000000100000000)
  region size 1024K, 4 young (4096K), 4 survivors (4096K)
 Metaspace       used 44647K, committed 45184K, reserved 491520K
  class space    used 6221K, committed 6464K, reserved 425984K
}
Event: 110.232 GC heap before
{Heap before GC invocations=16 (full 0):
 garbage-first heap   total 92160K, used 74957K [0x0000000080000000, 0x0000000100000000)
  region size 1024K, 41 young (41984K), 4 survivors (4096K)
 Metaspace       used 49113K, committed 49728K, reserved 491520K
  class space    used 6838K, committed 7104K, reserved 425984K
}
Event: 110.242 GC heap after
{Heap after GC invocations=17 (full 0):
 garbage-first heap   total 92160K, used 38304K [0x0000000080000000, 0x0000000100000000)
  region size 1024K, 4 young (4096K), 4 survivors (4096K)
 Metaspace       used 49113K, committed 49728K, reserved 491520K
  class space    used 6838K, committed 7104K, reserved 425984K
}
Event: 131.295 GC heap before
{Heap before GC invocations=17 (full 0):
 garbage-first heap   total 92160K, used 76192K [0x0000000080000000, 0x0000000100000000)
  region size 1024K, 41 young (41984K), 4 survivors (4096K)
 Metaspace       used 52359K, committed 52928K, reserved 491520K
  class space    used 7357K, committed 7616K, reserved 425984K
}
Event: 131.336 GC heap after
{Heap after GC invocations=18 (full 0):
 garbage-first heap   total 92160K, used 40155K [0x0000000080000000, 0x0000000100000000)
  region size 1024K, 5 young (5120K), 5 survivors (5120K)
 Metaspace       used 52359K, committed 52928K, reserved 491520K
  class space    used 7357K, committed 7616K, reserved 425984K
}
Event: 134.929 GC heap before
{Heap before GC invocations=18 (full 0):
 garbage-first heap   total 92160K, used 74971K [0x0000000080000000, 0x0000000100000000)
  region size 1024K, 40 young (40960K), 5 survivors (5120K)
 Metaspace       used 52865K, committed 53376K, reserved 491520K
  class space    used 7387K, committed 7616K, reserved 425984K
}
Event: 134.978 GC heap after
{Heap after GC invocations=19 (full 0):
 garbage-first heap   total 92160K, used 45307K [0x0000000080000000, 0x0000000100000000)
  region size 1024K, 5 young (5120K), 5 survivors (5120K)
 Metaspace       used 52865K, committed 53376K, reserved 491520K
  class space    used 7387K, committed 7616K, reserved 425984K
}
Event: 136.205 GC heap before
{Heap before GC invocations=19 (full 0):
 garbage-first heap   total 92160K, used 73979K [0x0000000080000000, 0x0000000100000000)
  region size 1024K, 33 young (33792K), 5 survivors (5120K)
 Metaspace       used 55393K, committed 56000K, reserved 491520K
  class space    used 7814K, committed 8128K, reserved 425984K
}
Event: 136.223 GC heap after
{Heap after GC invocations=20 (full 0):
 garbage-first heap   total 92160K, used 45204K [0x0000000080000000, 0x0000000100000000)
  region size 1024K, 2 young (2048K), 2 survivors (2048K)
 Metaspace       used 55393K, committed 56000K, reserved 491520K
  class space    used 7814K, committed 8128K, reserved 425984K
}
Event: 141.338 GC heap before
{Heap before GC invocations=20 (full 0):
 garbage-first heap   total 92160K, used 53396K [0x0000000080000000, 0x0000000100000000)
  region size 1024K, 11 young (11264K), 2 survivors (2048K)
 Metaspace       used 55860K, committed 56512K, reserved 491520K
  class space    used 7898K, committed 8192K, reserved 425984K
}
Event: 141.355 GC heap after
{Heap after GC invocations=21 (full 0):
 garbage-first heap   total 92160K, used 45840K [0x0000000080000000, 0x0000000100000000)
  region size 1024K, 3 young (3072K), 3 survivors (3072K)
 Metaspace       used 55860K, committed 56512K, reserved 491520K
  class space    used 7898K, committed 8192K, reserved 425984K
}
Event: 143.697 GC heap before
{Heap before GC invocations=22 (full 0):
 garbage-first heap   total 92160K, used 85776K [0x0000000080000000, 0x0000000100000000)
  region size 1024K, 31 young (31744K), 3 survivors (3072K)
 Metaspace       used 58392K, committed 59072K, reserved 491520K
  class space    used 8279K, committed 8640K, reserved 425984K
}
Event: 143.701 GC heap after
{Heap after GC invocations=23 (full 0):
 garbage-first heap   total 92160K, used 59996K [0x0000000080000000, 0x0000000100000000)
  region size 1024K, 4 young (4096K), 4 survivors (4096K)
 Metaspace       used 58392K, committed 59072K, reserved 491520K
  class space    used 8279K, committed 8640K, reserved 425984K
}
Event: 143.845 GC heap before
{Heap before GC invocations=23 (full 0):
 garbage-first heap   total 92160K, used 59996K [0x0000000080000000, 0x0000000100000000)
  region size 1024K, 5 young (5120K), 4 survivors (4096K)
 Metaspace       used 58489K, committed 59200K, reserved 491520K
  class space    used 8288K, committed 8640K, reserved 425984K
}
Event: 143.858 GC heap after
{Heap after GC invocations=24 (full 0):
 garbage-first heap   total 92160K, used 59303K [0x0000000080000000, 0x0000000100000000)
  region size 1024K, 1 young (1024K), 1 survivors (1024K)
 Metaspace       used 58489K, committed 59200K, reserved 491520K
  class space    used 8288K, committed 8640K, reserved 425984K
}
Event: 144.738 GC heap before
{Heap before GC invocations=24 (full 0):
 garbage-first heap   total 92160K, used 75687K [0x0000000080000000, 0x0000000100000000)
  region size 1024K, 18 young (18432K), 1 survivors (1024K)
 Metaspace       used 59966K, committed 60672K, reserved 491520K
  class space    used 8467K, committed 8832K, reserved 425984K
}
Event: 144.746 GC heap after
{Heap after GC invocations=25 (full 0):
 garbage-first heap   total 92160K, used 60321K [0x0000000080000000, 0x0000000100000000)
  region size 1024K, 2 young (2048K), 2 survivors (2048K)
 Metaspace       used 59966K, committed 60672K, reserved 491520K
  class space    used 8467K, committed 8832K, reserved 425984K
}
Event: 145.967 GC heap before
{Heap before GC invocations=26 (full 0):
 garbage-first heap   total 106496K, used 74657K [0x0000000080000000, 0x0000000100000000)
  region size 1024K, 16 young (16384K), 2 survivors (2048K)
 Metaspace       used 60778K, committed 61376K, reserved 491520K
  class space    used 8587K, committed 8896K, reserved 425984K
}
Event: 146.030 GC heap after
{Heap after GC invocations=27 (full 0):
 garbage-first heap   total 106496K, used 61286K [0x0000000080000000, 0x0000000100000000)
  region size 1024K, 1 young (1024K), 1 survivors (1024K)
 Metaspace       used 60778K, committed 61376K, reserved 491520K
  class space    used 8587K, committed 8896K, reserved 425984K
}

