# JRE version: OpenJDK Runtime Environment Microsoft-10376486 (17.0.13+11) (build 17.0.13+11-LTS)
# Java VM: OpenJDK 64-Bit Server VM Microsoft-10376486 (17.0.13+11-LTS, mixed mode, sharing, tiered, compressed oops, compressed class ptrs, g1 gc, windows-amd64)
GC Precious Log:
 CPUs: 16 total, 16 available
 Memory: 7540M
 Large Page Support: Disabled
 NUMA Support: Disabled
 Compressed Oops: Enabled (32-bit)
 Heap Region Size: 1M
 Heap Min Capacity: 8M
 Heap Initial Capacity: 118M
 Heap Max Capacity: 2G
 Pre-touch: Disabled
 Parallel Workers: 13
 Concurrent Workers: 3
 Concurrent Refinement Workers: 13
 Periodic GC: Disabled
Heap:
 garbage-first heap   total 104448K, used 71384K [0x0000000080000000, 0x0000000100000000)
  region size 1024K, 14 young (14336K), 2 survivors (2048K)
 Metaspace       used 60677K, committed 61376K, reserved 491520K
  class space    used 8582K, committed 8896K, reserved 425984K
GC Heap History (20 events):
Event: 79.636 GC heap before
{Heap before GC invocations=11 (full 0):
 garbage-first heap   total 92160K, used 73495K [0x0000000080000000, 0x0000000100000000)
  region size 1024K, 41 young (41984K), 3 survivors (3072K)
 Metaspace       used 40855K, committed 41344K, reserved 491520K
  class space    used 5759K, committed 6016K, reserved 425984K
}
Event: 79.643 GC heap after
{Heap after GC invocations=12 (full 0):
 garbage-first heap   total 92160K, used 35650K [0x0000000080000000, 0x0000000100000000)
  region size 1024K, 4 young (4096K), 4 survivors (4096K)
 Metaspace       used 40855K, committed 41344K, reserved 491520K
  class space    used 5759K, committed 6016K, reserved 425984K
}
Event: 90.623 GC heap before
{Heap before GC invocations=12 (full 0):
 garbage-first heap   total 92160K, used 75586K [0x0000000080000000, 0x0000000100000000)
  region size 1024K, 42 young (43008K), 4 survivors (4096K)
 Metaspace       used 44956K, committed 45568K, reserved 491520K
  class space    used 6285K, committed 6592K, reserved 425984K
}
Event: 90.629 GC heap after
{Heap after GC invocations=13 (full 0):
 garbage-first heap   total 92160K, used 36889K [0x0000000080000000, 0x0000000100000000)
  region size 1024K, 4 young (4096K), 4 survivors (4096K)
 Metaspace       used 44956K, committed 45568K, reserved 491520K
  class space    used 6285K, committed 6592K, reserved 425984K
}
Event: 99.325 GC heap before
{Heap before GC invocations=13 (full 0):
 garbage-first heap   total 92160K, used 73753K [0x0000000080000000, 0x0000000100000000)
  region size 1024K, 41 young (41984K), 4 survivors (4096K)
 Metaspace       used 49432K, committed 49984K, reserved 491520K
  class space    used 6900K, committed 7168K, reserved 425984K
}
Event: 99.337 GC heap after
{Heap after GC invocations=14 (full 0):
 garbage-first heap   total 92160K, used 38561K [0x0000000080000000, 0x0000000100000000)
  region size 1024K, 5 young (5120K), 5 survivors (5120K)
 Metaspace       used 49432K, committed 49984K, reserved 491520K
  class space    used 6900K, committed 7168K, reserved 425984K
}
Event: 129.875 GC heap before
{Heap before GC invocations=14 (full 0):
 garbage-first heap   total 92160K, used 75425K [0x0000000080000000, 0x0000000100000000)
  region size 1024K, 41 young (41984K), 5 survivors (5120K)
 Metaspace       used 52352K, committed 52928K, reserved 491520K
  class space    used 7369K, committed 7616K, reserved 425984K
}
Event: 129.885 GC heap after
{Heap after GC invocations=15 (full 0):
 garbage-first heap   total 92160K, used 39658K [0x0000000080000000, 0x0000000100000000)
  region size 1024K, 5 young (5120K), 5 survivors (5120K)
 Metaspace       used 52352K, committed 52928K, reserved 491520K
  class space    used 7369K, committed 7616K, reserved 425984K
}
Event: 132.898 GC heap before
{Heap before GC invocations=15 (full 0):
 garbage-first heap   total 92160K, used 74474K [0x0000000080000000, 0x0000000100000000)
  region size 1024K, 40 young (40960K), 5 survivors (5120K)
 Metaspace       used 52889K, committed 53440K, reserved 491520K
  class space    used 7398K, committed 7616K, reserved 425984K
}
Event: 132.911 GC heap after
{Heap after GC invocations=16 (full 0):
 garbage-first heap   total 92160K, used 44931K [0x0000000080000000, 0x0000000100000000)
  region size 1024K, 5 young (5120K), 5 survivors (5120K)
 Metaspace       used 52889K, committed 53440K, reserved 491520K
  class space    used 7398K, committed 7616K, reserved 425984K
}
Event: 134.361 GC heap before
{Heap before GC invocations=16 (full 0):
 garbage-first heap   total 92160K, used 74627K [0x0000000080000000, 0x0000000100000000)
  region size 1024K, 34 young (34816K), 5 survivors (5120K)
 Metaspace       used 55434K, committed 56000K, reserved 491520K
  class space    used 7826K, committed 8128K, reserved 425984K
}
Event: 134.383 GC heap after
{Heap after GC invocations=17 (full 0):
 garbage-first heap   total 92160K, used 44904K [0x0000000080000000, 0x0000000100000000)
  region size 1024K, 2 young (2048K), 2 survivors (2048K)
 Metaspace       used 55434K, committed 56000K, reserved 491520K
  class space    used 7826K, committed 8128K, reserved 425984K
}
Event: 141.903 GC heap before
{Heap before GC invocations=17 (full 0):
 garbage-first heap   total 92160K, used 53096K [0x0000000080000000, 0x0000000100000000)
  region size 1024K, 11 young (11264K), 2 survivors (2048K)
 Metaspace       used 55896K, committed 56512K, reserved 491520K
  class space    used 7910K, committed 8192K, reserved 425984K
}
Event: 141.959 GC heap after
{Heap after GC invocations=18 (full 0):
 garbage-first heap   total 92160K, used 45556K [0x0000000080000000, 0x0000000100000000)
  region size 1024K, 3 young (3072K), 3 survivors (3072K)
 Metaspace       used 55896K, committed 56512K, reserved 491520K
  class space    used 7910K, committed 8192K, reserved 425984K
}
Event: 144.575 GC heap before
{Heap before GC invocations=19 (full 0):
 garbage-first heap   total 92160K, used 85492K [0x0000000080000000, 0x0000000100000000)
  region size 1024K, 31 young (31744K), 3 survivors (3072K)
 Metaspace       used 58425K, committed 59136K, reserved 491520K
  class space    used 8291K, committed 8640K, reserved 425984K
}
Event: 144.593 GC heap after
{Heap after GC invocations=20 (full 0):
 garbage-first heap   total 92160K, used 59674K [0x0000000080000000, 0x0000000100000000)
  region size 1024K, 4 young (4096K), 4 survivors (4096K)
 Metaspace       used 58425K, committed 59136K, reserved 491520K
  class space    used 8291K, committed 8640K, reserved 425984K
}
Event: 144.696 GC heap before
{Heap before GC invocations=20 (full 0):
 garbage-first heap   total 92160K, used 59674K [0x0000000080000000, 0x0000000100000000)
  region size 1024K, 5 young (5120K), 4 survivors (4096K)
 Metaspace       used 58526K, committed 59200K, reserved 491520K
  class space    used 8301K, committed 8640K, reserved 425984K
}
Event: 144.725 GC heap after
{Heap after GC invocations=21 (full 0):
 garbage-first heap   total 92160K, used 59072K [0x0000000080000000, 0x0000000100000000)
  region size 1024K, 1 young (1024K), 1 survivors (1024K)
 Metaspace       used 58526K, committed 59200K, reserved 491520K
  class space    used 8301K, committed 8640K, reserved 425984K
}
Event: 145.807 GC heap before
{Heap before GC invocations=21 (full 0):
 garbage-first heap   total 92160K, used 76480K [0x0000000080000000, 0x0000000100000000)
  region size 1024K, 18 young (18432K), 1 survivors (1024K)
 Metaspace       used 60017K, committed 60736K, reserved 491520K
  class space    used 8480K, committed 8832K, reserved 425984K
}
Event: 145.810 GC heap after
{Heap after GC invocations=22 (full 0):
 garbage-first heap   total 92160K, used 60120K [0x0000000080000000, 0x0000000100000000)
  region size 1024K, 2 young (2048K), 2 survivors (2048K)
 Metaspace       used 60017K, committed 60736K, reserved 491520K
  class space    used 8480K, committed 8832K, reserved 425984K
}

