# JRE version: OpenJDK Runtime Environment Microsoft-10376486 (17.0.13+11) (build 17.0.13+11-LTS)
# Java VM: OpenJDK 64-Bit Server VM Microsoft-10376486 (17.0.13+11-LTS, mixed mode, sharing, tiered, compressed oops, compressed class ptrs, g1 gc, windows-amd64)
GC Precious Log:
 CPUs: 16 total, 16 available
 Memory: 7540M
 Large Page Support: Disabled
 NUMA Support: Disabled
 Compressed Oops: Enabled (32-bit)
 Heap Region Size: 1M
 Heap Min Capacity: 8M
 Heap Initial Capacity: 118M
 Heap Max Capacity: 2G
 Pre-touch: Disabled
 Parallel Workers: 13
 Concurrent Workers: 3
 Concurrent Refinement Workers: 13
 Periodic GC: Disabled
Heap:
 garbage-first heap   total 120832K, used 65462K [0x0000000080000000, 0x0000000100000000)
  region size 1024K, 52 young (53248K), 4 survivors (4096K)
 Metaspace       used 13414K, committed 13696K, reserved 491520K
  class space    used 1826K, committed 1984K, reserved 425984K
GC Heap History (6 events):
Event: 5.050 GC heap before
{Heap before GC invocations=0 (full 0):
 garbage-first heap   total 120832K, used 22528K [0x0000000080000000, 0x0000000100000000)
  region size 1024K, 23 young (23552K), 0 survivors (0K)
 Metaspace       used 1109K, committed 1280K, reserved 491520K
  class space    used 72K, committed 128K, reserved 425984K
}
Event: 5.065 GC heap after
{Heap after GC invocations=1 (full 0):
 garbage-first heap   total 120832K, used 4512K [0x0000000080000000, 0x0000000100000000)
  region size 1024K, 3 young (3072K), 3 survivors (3072K)
 Metaspace       used 1109K, committed 1280K, reserved 491520K
  class space    used 72K, committed 128K, reserved 425984K
}
Event: 7.554 GC heap before
{Heap before GC invocations=1 (full 0):
 garbage-first heap   total 120832K, used 38304K [0x0000000080000000, 0x0000000100000000)
  region size 1024K, 32 young (32768K), 3 survivors (3072K)
 Metaspace       used 4424K, committed 4608K, reserved 491520K
  class space    used 542K, committed 640K, reserved 425984K
}
Event: 7.566 GC heap after
{Heap after GC invocations=2 (full 0):
 garbage-first heap   total 120832K, used 11945K [0x0000000080000000, 0x0000000100000000)
  region size 1024K, 4 young (4096K), 4 survivors (4096K)
 Metaspace       used 4424K, committed 4608K, reserved 491520K
  class space    used 542K, committed 640K, reserved 425984K
}
Event: 11.904 GC heap before
{Heap before GC invocations=2 (full 0):
 garbage-first heap   total 120832K, used 54953K [0x0000000080000000, 0x0000000100000000)
  region size 1024K, 44 young (45056K), 4 survivors (4096K)
 Metaspace       used 4506K, committed 4672K, reserved 491520K
  class space    used 542K, committed 640K, reserved 425984K
}
Event: 11.916 GC heap after
{Heap after GC invocations=3 (full 0):
 garbage-first heap   total 120832K, used 17334K [0x0000000080000000, 0x0000000100000000)
  region size 1024K, 4 young (4096K), 4 survivors (4096K)
 Metaspace       used 4506K, committed 4672K, reserved 491520K
  class space    used 542K, committed 640K, reserved 425984K
}

